[ 2013-08-07T22:30:54+08:00 ] 127.0.0.1 /admin.php
INFO: [ app_begin ] --START--
INFO: ReadHtmlCache Behavior ::run [ RunTime:0.048738s ]
INFO: [ app_begin ] --END-- [ RunTime:0.048959s ]
INFO: [ view_parse ] --START--
INFO: ParseTemplate Behavior ::run [ RunTime:0.237311s ]
INFO: [ view_parse ] --END-- [ RunTime:0.237545s ]
INFO: [ view_filter ] --START--
NOTIC: [8] Use of undefined constant APP_TMPL_PATH - assumed 'APP_TMPL_PATH' D:\czshop\admin\ThinkPHP\Lib\Behavior\ContentReplaceBehavior.class.php 第 40 行.
NOTIC: [8] Use of undefined constant APP_TMPL_PATH - assumed 'APP_TMPL_PATH' D:\czshop\admin\ThinkPHP\Lib\Behavior\ContentReplaceBehavior.class.php 第 47 行.
INFO: ContentReplace Behavior ::run [ RunTime:0.010338s ]
INFO: TokenBuild Behavior ::run [ RunTime:0.043722s ]
INFO: WriteHtmlCache Behavior ::run [ RunTime:0.006796s ]
INFO: ShowRuntime Behavior ::run [ RunTime:0.064484s ]
INFO: [ view_filter ] --END-- [ RunTime:0.125817s ]
INFO: [ view_end ] --START--
INFO: ShowPageTrace Behavior ::run [ RunTime:0.007335s ]
INFO: [ view_end ] --END-- [ RunTime:0.007482s ]

[ 2013-08-07T23:09:56+08:00 ] 127.0.0.1 /admin.php
INFO: [ app_begin ] --START--
INFO: ReadHtmlCache Behavior ::run [ RunTime:0.000908s ]
INFO: [ app_begin ] --END-- [ RunTime:0.001057s ]
NOTIC: [8] Use of undefined constant __JS__ - assumed '__JS__' D:\czshop\admin\Lib\Action\IndexAction.class.php 第 5 行.
INFO: [ view_parse ] --START--
INFO: ParseTemplate Behavior ::run [ RunTime:0.002572s ]
INFO: [ view_parse ] --END-- [ RunTime:0.002793s ]
INFO: [ view_filter ] --START--
NOTIC: [8] Use of undefined constant APP_TMPL_PATH - assumed 'APP_TMPL_PATH' D:\czshop\admin\ThinkPHP\Lib\Behavior\ContentReplaceBehavior.class.php 第 40 行.
NOTIC: [8] Use of undefined constant APP_TMPL_PATH - assumed 'APP_TMPL_PATH' D:\czshop\admin\ThinkPHP\Lib\Behavior\ContentReplaceBehavior.class.php 第 47 行.
INFO: ContentReplace Behavior ::run [ RunTime:0.001721s ]
INFO: TokenBuild Behavior ::run [ RunTime:0.001207s ]
INFO: WriteHtmlCache Behavior ::run [ RunTime:0.000789s ]
INFO: ShowRuntime Behavior ::run [ RunTime:0.000936s ]
INFO: [ view_filter ] --END-- [ RunTime:0.005033s ]
NOTIC: [2] Cannot modify header information - headers already sent by (output started at D:\czshop\admin\Lib\Action\IndexAction.class.php:5) D:\czshop\admin\ThinkPHP\Lib\Core\View.class.php 第 95 行.
NOTIC: [2] Cannot modify header information - headers already sent by (output started at D:\czshop\admin\Lib\Action\IndexAction.class.php:5) D:\czshop\admin\ThinkPHP\Lib\Core\View.class.php 第 96 行.
NOTIC: [2] Cannot modify header information - headers already sent by (output started at D:\czshop\admin\Lib\Action\IndexAction.class.php:5) D:\czshop\admin\ThinkPHP\Lib\Core\View.class.php 第 97 行.
INFO: [ view_end ] --START--
INFO: ShowPageTrace Behavior ::run [ RunTime:0.002775s ]
INFO: [ view_end ] --END-- [ RunTime:0.002903s ]

[ 2013-08-07T23:13:26+08:00 ] 127.0.0.1 /admin.php
INFO: [ app_begin ] --START--
INFO: ReadHtmlCache Behavior ::run [ RunTime:0.001019s ]
INFO: [ app_begin ] --END-- [ RunTime:0.001203s ]
INFO: [ view_parse ] --START--
INFO: ParseTemplate Behavior ::run [ RunTime:0.031263s ]
INFO: [ view_parse ] --END-- [ RunTime:0.031504s ]
INFO: [ view_filter ] --START--
INFO: ContentReplace Behavior ::run [ RunTime:0.001355s ]
INFO: TokenBuild Behavior ::run [ RunTime:0.001551s ]
INFO: WriteHtmlCache Behavior ::run [ RunTime:0.001336s ]
INFO: ShowRuntime Behavior ::run [ RunTime:0.001294s ]
INFO: [ view_filter ] --END-- [ RunTime:0.005898s ]
INFO: [ view_end ] --START--
INFO: ShowPageTrace Behavior ::run [ RunTime:0.001233s ]
INFO: [ view_end ] --END-- [ RunTime:0.001343s ]

[ 2013-08-07T23:14:37+08:00 ] 127.0.0.1 /admin.php
INFO: [ app_begin ] --START--
INFO: ReadHtmlCache Behavior ::run [ RunTime:0.000965s ]
INFO: [ app_begin ] --END-- [ RunTime:0.001153s ]
INFO: [ view_parse ] --START--
INFO: ParseTemplate Behavior ::run [ RunTime:0.078227s ]
INFO: [ view_parse ] --END-- [ RunTime:0.078795s ]
INFO: [ view_filter ] --START--
INFO: ContentReplace Behavior ::run [ RunTime:0.001176s ]
INFO: TokenBuild Behavior ::run [ RunTime:0.001090s ]
INFO: WriteHtmlCache Behavior ::run [ RunTime:0.000953s ]
INFO: ShowRuntime Behavior ::run [ RunTime:0.001011s ]
INFO: [ view_filter ] --END-- [ RunTime:0.004621s ]
INFO: [ view_end ] --START--
INFO: ShowPageTrace Behavior ::run [ RunTime:0.001821s ]
INFO: [ view_end ] --END-- [ RunTime:0.001983s ]

[ 2013-08-07T23:14:52+08:00 ] 127.0.0.1 /admin.php
INFO: [ app_begin ] --START--
INFO: ReadHtmlCache Behavior ::run [ RunTime:0.000558s ]
INFO: [ app_begin ] --END-- [ RunTime:0.000754s ]
INFO: [ view_parse ] --START--
INFO: ParseTemplate Behavior ::run [ RunTime:0.011831s ]
INFO: [ view_parse ] --END-- [ RunTime:0.012071s ]
INFO: [ view_filter ] --START--
INFO: ContentReplace Behavior ::run [ RunTime:0.000445s ]
INFO: TokenBuild Behavior ::run [ RunTime:0.000385s ]
INFO: WriteHtmlCache Behavior ::run [ RunTime:0.000286s ]
INFO: ShowRuntime Behavior ::run [ RunTime:0.000672s ]
INFO: [ view_filter ] --END-- [ RunTime:0.002096s ]
INFO: [ view_end ] --START--
INFO: ShowPageTrace Behavior ::run [ RunTime:0.001465s ]
INFO: [ view_end ] --END-- [ RunTime:0.001636s ]

[ 2013-08-07T23:15:19+08:00 ] 127.0.0.1 /admin.php
INFO: [ app_begin ] --START--
INFO: ReadHtmlCache Behavior ::run [ RunTime:0.000563s ]
INFO: [ app_begin ] --END-- [ RunTime:0.000772s ]
INFO: [ view_parse ] --START--
INFO: ParseTemplate Behavior ::run [ RunTime:0.013204s ]
INFO: [ view_parse ] --END-- [ RunTime:0.013444s ]
INFO: [ view_filter ] --START--
INFO: ContentReplace Behavior ::run [ RunTime:0.000481s ]
INFO: TokenBuild Behavior ::run [ RunTime:0.000387s ]
INFO: WriteHtmlCache Behavior ::run [ RunTime:0.000271s ]
INFO: ShowRuntime Behavior ::run [ RunTime:0.000681s ]
INFO: [ view_filter ] --END-- [ RunTime:0.002127s ]
INFO: [ view_end ] --START--
INFO: ShowPageTrace Behavior ::run [ RunTime:0.001206s ]
INFO: [ view_end ] --END-- [ RunTime:0.001324s ]

[ 2013-08-07T23:15:22+08:00 ] 127.0.0.1 /admin.php
INFO: [ app_begin ] --START--
INFO: ReadHtmlCache Behavior ::run [ RunTime:0.000584s ]
INFO: [ app_begin ] --END-- [ RunTime:0.000799s ]
INFO: [ view_parse ] --START--
INFO: ParseTemplate Behavior ::run [ RunTime:0.018459s ]
INFO: [ view_parse ] --END-- [ RunTime:0.018739s ]
INFO: [ view_filter ] --START--
INFO: ContentReplace Behavior ::run [ RunTime:0.000558s ]
INFO: TokenBuild Behavior ::run [ RunTime:0.000551s ]
INFO: WriteHtmlCache Behavior ::run [ RunTime:0.000409s ]
INFO: ShowRuntime Behavior ::run [ RunTime:0.001275s ]
INFO: [ view_filter ] --END-- [ RunTime:0.003224s ]
INFO: [ view_end ] --START--
INFO: ShowPageTrace Behavior ::run [ RunTime:0.001385s ]
INFO: [ view_end ] --END-- [ RunTime:0.001508s ]

[ 2013-08-07T23:15:22+08:00 ] 127.0.0.1 /admin.php
INFO: [ app_begin ] --START--
INFO: ReadHtmlCache Behavior ::run [ RunTime:0.000616s ]
INFO: [ app_begin ] --END-- [ RunTime:0.000842s ]
INFO: [ view_parse ] --START--
INFO: ParseTemplate Behavior ::run [ RunTime:0.007318s ]
INFO: [ view_parse ] --END-- [ RunTime:0.007535s ]
INFO: [ view_filter ] --START--
INFO: ContentReplace Behavior ::run [ RunTime:0.000404s ]
INFO: TokenBuild Behavior ::run [ RunTime:0.000350s ]
INFO: WriteHtmlCache Behavior ::run [ RunTime:0.000271s ]
INFO: ShowRuntime Behavior ::run [ RunTime:0.000638s ]
INFO: [ view_filter ] --END-- [ RunTime:0.001961s ]
INFO: [ view_end ] --START--
INFO: ShowPageTrace Behavior ::run [ RunTime:0.001192s ]
INFO: [ view_end ] --END-- [ RunTime:0.001301s ]

[ 2013-08-07T23:15:42+08:00 ] 127.0.0.1 /admin.php
INFO: [ app_begin ] --START--
INFO: ReadHtmlCache Behavior ::run [ RunTime:0.000599s ]
INFO: [ app_begin ] --END-- [ RunTime:0.001025s ]
INFO: [ view_parse ] --START--
INFO: ParseTemplate Behavior ::run [ RunTime:0.013323s ]
INFO: [ view_parse ] --END-- [ RunTime:0.013568s ]
INFO: [ view_filter ] --START--
INFO: ContentReplace Behavior ::run [ RunTime:0.000479s ]
INFO: TokenBuild Behavior ::run [ RunTime:0.000543s ]
INFO: WriteHtmlCache Behavior ::run [ RunTime:0.000524s ]
INFO: ShowRuntime Behavior ::run [ RunTime:0.000864s ]
INFO: [ view_filter ] --END-- [ RunTime:0.002833s ]
INFO: [ view_end ] --START--
INFO: ShowPageTrace Behavior ::run [ RunTime:0.001220s ]
INFO: [ view_end ] --END-- [ RunTime:0.001332s ]

[ 2013-08-07T23:17:32+08:00 ] 127.0.0.1 /admin.php
INFO: [ app_begin ] --START--
INFO: ReadHtmlCache Behavior ::run [ RunTime:0.001003s ]
INFO: [ app_begin ] --END-- [ RunTime:0.001175s ]
INFO: [ view_parse ] --START--
INFO: ParseTemplate Behavior ::run [ RunTime:0.013812s ]
INFO: [ view_parse ] --END-- [ RunTime:0.014009s ]
INFO: [ view_filter ] --START--
INFO: ContentReplace Behavior ::run [ RunTime:0.000953s ]
INFO: TokenBuild Behavior ::run [ RunTime:0.000834s ]
INFO: WriteHtmlCache Behavior ::run [ RunTime:0.001021s ]
INFO: ShowRuntime Behavior ::run [ RunTime:0.000897s ]
INFO: [ view_filter ] --END-- [ RunTime:0.004035s ]
INFO: [ view_end ] --START--
INFO: ShowPageTrace Behavior ::run [ RunTime:0.001226s ]
INFO: [ view_end ] --END-- [ RunTime:0.001335s ]

[ 2013-08-07T23:41:47+08:00 ] 127.0.0.1 /admin.php
INFO: [ app_begin ] --START--
INFO: ReadHtmlCache Behavior ::run [ RunTime:0.000877s ]
INFO: [ app_begin ] --END-- [ RunTime:0.001031s ]
INFO: [ view_parse ] --START--
INFO: ParseTemplate Behavior ::run [ RunTime:0.013879s ]
INFO: [ view_parse ] --END-- [ RunTime:0.014076s ]
INFO: [ view_filter ] --START--
INFO: ContentReplace Behavior ::run [ RunTime:0.000960s ]
INFO: TokenBuild Behavior ::run [ RunTime:0.000846s ]
INFO: WriteHtmlCache Behavior ::run [ RunTime:0.000724s ]
INFO: ShowRuntime Behavior ::run [ RunTime:0.000887s ]
INFO: [ view_filter ] --END-- [ RunTime:0.003734s ]
INFO: [ view_end ] --START--
INFO: ShowPageTrace Behavior ::run [ RunTime:0.001238s ]
INFO: [ view_end ] --END-- [ RunTime:0.001349s ]

