[ 2013-08-10T23:31:56+08:00 ] 127.0.0.1 /admin.php?m=adminUser&a=update
NOTIC: [2] array_walk_recursive() [<a href='function.array-walk-recursive'>function.array-walk-recursive</a>]: Unable to call filter_vars() - function does not exist D:\czshop\admin\ThinkPHP\Lib\Core\App.class.php 第 56 行.
NOTIC: [2] htmlspecialchars() expects parameter 2 to be long, string given D:\czshop\admin\ThinkPHP\Lib\Core\App.class.php 第 56 行.
INFO: [ app_begin ] --START--
INFO: ReadHtmlCache Behavior ::run [ RunTime:0.005226s ]
INFO: [ app_begin ] --END-- [ RunTime:0.005400s ]
SQL: SHOW COLUMNS FROM `cz_admin_user` [ RunTime:0.077740s ]
SQL: SELECT `admin_id`,`admin_name` FROM `cz_admin_user` WHERE ( admin_id=2 ) LIMIT 1   [ RunTime:0.064945s ]

[ 2013-08-10T23:33:37+08:00 ] 127.0.0.1 /admin.php?m=adminUser&a=update
NOTIC: [2] array_walk_recursive() [<a href='function.array-walk-recursive'>function.array-walk-recursive</a>]: Unable to call filter_vars() - function does not exist D:\czshop\admin\ThinkPHP\Lib\Core\App.class.php 第 56 行.
NOTIC: [2] htmlspecialchars() expects parameter 2 to be long, string given D:\czshop\admin\ThinkPHP\Lib\Core\App.class.php 第 56 行.
INFO: [ app_begin ] --START--
INFO: ReadHtmlCache Behavior ::run [ RunTime:0.001017s ]
INFO: [ app_begin ] --END-- [ RunTime:0.001175s ]
NOTIC: [8] Undefined index:  act D:\czshop\admin\Lib\Action\AdminUserAction.class.php 第 40 行.
SQL: SHOW COLUMNS FROM `cz_admin_user` [ RunTime:0.074884s ]
SQL: SELECT `admin_id`,`admin_name`,`status` FROM `cz_admin_user` WHERE ( admin_id=2 ) LIMIT 1   [ RunTime:0.065653s ]

[ 2013-08-10T23:33:55+08:00 ] 127.0.0.1 /admin.php?m=adminUser&a=update
NOTIC: [2] array_walk_recursive() [<a href='function.array-walk-recursive'>function.array-walk-recursive</a>]: Unable to call filter_vars() - function does not exist D:\czshop\admin\ThinkPHP\Lib\Core\App.class.php 第 56 行.
NOTIC: [2] htmlspecialchars() expects parameter 2 to be long, string given D:\czshop\admin\ThinkPHP\Lib\Core\App.class.php 第 56 行.
INFO: [ app_begin ] --START--
INFO: ReadHtmlCache Behavior ::run [ RunTime:0.000572s ]
INFO: [ app_begin ] --END-- [ RunTime:0.000718s ]
NOTIC: [8] Undefined index:  act D:\czshop\admin\Lib\Action\AdminUserAction.class.php 第 40 行.
SQL: SHOW COLUMNS FROM `cz_admin_user` [ RunTime:0.072256s ]
SQL: SELECT `admin_id`,`admin_name`,`status` FROM `cz_admin_user` WHERE ( admin_id=2 ) LIMIT 1   [ RunTime:0.064636s ]

[ 2013-08-10T23:34:02+08:00 ] 127.0.0.1 /admin.php?m=adminUser&a=update
NOTIC: [2] array_walk_recursive() [<a href='function.array-walk-recursive'>function.array-walk-recursive</a>]: Unable to call filter_vars() - function does not exist D:\czshop\admin\ThinkPHP\Lib\Core\App.class.php 第 56 行.
NOTIC: [2] htmlspecialchars() expects parameter 2 to be long, string given D:\czshop\admin\ThinkPHP\Lib\Core\App.class.php 第 56 行.
INFO: [ app_begin ] --START--
INFO: ReadHtmlCache Behavior ::run [ RunTime:0.000520s ]
INFO: [ app_begin ] --END-- [ RunTime:0.000649s ]
NOTIC: [8] Undefined index:  act D:\czshop\admin\Lib\Action\AdminUserAction.class.php 第 40 行.
SQL: SHOW COLUMNS FROM `cz_admin_user` [ RunTime:0.071098s ]
SQL: SELECT `admin_id`,`admin_name`,`status` FROM `cz_admin_user` WHERE ( admin_id=2 ) LIMIT 1   [ RunTime:0.062808s ]

[ 2013-08-10T23:34:09+08:00 ] 127.0.0.1 /admin.php?m=adminUser&a=update
NOTIC: [2] array_walk_recursive() [<a href='function.array-walk-recursive'>function.array-walk-recursive</a>]: Unable to call filter_vars() - function does not exist D:\czshop\admin\ThinkPHP\Lib\Core\App.class.php 第 56 行.
NOTIC: [2] htmlspecialchars() expects parameter 2 to be long, string given D:\czshop\admin\ThinkPHP\Lib\Core\App.class.php 第 56 行.
INFO: [ app_begin ] --START--
INFO: ReadHtmlCache Behavior ::run [ RunTime:0.000504s ]
INFO: [ app_begin ] --END-- [ RunTime:0.000628s ]
NOTIC: [8] Undefined index:  act D:\czshop\admin\Lib\Action\AdminUserAction.class.php 第 40 行.
SQL: SHOW COLUMNS FROM `cz_admin_user` [ RunTime:0.077983s ]
SQL: SELECT `admin_id`,`admin_name`,`status` FROM `cz_admin_user` WHERE ( admin_id=2 ) LIMIT 1   [ RunTime:0.062619s ]

[ 2013-08-10T23:36:07+08:00 ] 127.0.0.1 /admin.php?m=adminUser&a=update
NOTIC: [2] array_walk_recursive() [<a href='function.array-walk-recursive'>function.array-walk-recursive</a>]: Unable to call filter_vars() - function does not exist D:\czshop\admin\ThinkPHP\Lib\Core\App.class.php 第 56 行.
NOTIC: [2] htmlspecialchars() expects parameter 2 to be long, string given D:\czshop\admin\ThinkPHP\Lib\Core\App.class.php 第 56 行.
INFO: [ app_begin ] --START--
INFO: ReadHtmlCache Behavior ::run [ RunTime:0.005911s ]
INFO: [ app_begin ] --END-- [ RunTime:0.006078s ]
NOTIC: [8] Undefined index:  act D:\czshop\admin\Lib\Action\AdminUserAction.class.php 第 40 行.
SQL: SHOW COLUMNS FROM `cz_admin_user` [ RunTime:0.074763s ]
SQL: SELECT * FROM `cz_admin_user` WHERE ( admin_id=2 ) LIMIT 1   [ RunTime:0.067937s ]

[ 2013-08-10T23:41:34+08:00 ] 127.0.0.1 /admin.php?m=adminUser&a=update
NOTIC: [2] array_walk_recursive() [<a href='function.array-walk-recursive'>function.array-walk-recursive</a>]: Unable to call filter_vars() - function does not exist D:\czshop\admin\ThinkPHP\Lib\Core\App.class.php 第 56 行.
NOTIC: [2] htmlspecialchars() expects parameter 2 to be long, string given D:\czshop\admin\ThinkPHP\Lib\Core\App.class.php 第 56 行.
INFO: [ app_begin ] --START--
INFO: ReadHtmlCache Behavior ::run [ RunTime:0.000520s ]
INFO: [ app_begin ] --END-- [ RunTime:0.000648s ]
NOTIC: [8] Undefined index:  act D:\czshop\admin\Lib\Action\AdminUserAction.class.php 第 40 行.
SQL: SHOW COLUMNS FROM `cz_admin_user` [ RunTime:0.103927s ]
SQL: SELECT `admin_id`,`admin_name`,`status` FROM `cz_admin_user` WHERE ( admin_id=2 ) LIMIT 1   [ RunTime:0.088851s ]

[ 2013-08-10T23:46:15+08:00 ] 127.0.0.1 /admin.php?m=admin_user&a=create
ERR: 模板不存在[./admin/Tpl/adminAdminUser/create.html]

[ 2013-08-10T23:51:30+08:00 ] 127.0.0.1 /admin.php?m=adminUser&a=update
NOTIC: [2] array_walk_recursive() [<a href='function.array-walk-recursive'>function.array-walk-recursive</a>]: Unable to call filter_vars() - function does not exist D:\czshop\admin\ThinkPHP\Lib\Core\App.class.php 第 56 行.
NOTIC: [2] htmlspecialchars() expects parameter 2 to be long, string given D:\czshop\admin\ThinkPHP\Lib\Core\App.class.php 第 56 行.
INFO: [ app_begin ] --START--
INFO: ReadHtmlCache Behavior ::run [ RunTime:0.000776s ]
INFO: [ app_begin ] --END-- [ RunTime:0.000932s ]
NOTIC: [8] Undefined index:  act D:\czshop\admin\Lib\Action\AdminUserAction.class.php 第 41 行.
SQL: SHOW COLUMNS FROM `cz_admin_user` [ RunTime:0.074696s ]
SQL: SELECT `admin_id`,`admin_name`,`status` FROM `cz_admin_user` WHERE ( admin_id=4 ) LIMIT 1   [ RunTime:0.060314s ]

