[ 2013-08-20T00:00:47+08:00 ] 127.0.0.1 /admin.php?m=adminUser&a=update
NOTIC: [2] array_walk_recursive() [<a href='function.array-walk-recursive'>function.array-walk-recursive</a>]: Unable to call filter_vars() - function does not exist D:\czshop\admin\ThinkPHP\Lib\Core\App.class.php 第 56 行.
NOTIC: [2] htmlspecialchars() expects parameter 2 to be long, string given D:\czshop\admin\ThinkPHP\Lib\Core\App.class.php 第 56 行.
INFO: [ app_begin ] --START--
INFO: ReadHtmlCache Behavior ::run [ RunTime:0.000572s ]
INFO: CheckLang Behavior ::run [ RunTime:0.014122s ]
INFO: [ app_begin ] --END-- [ RunTime:0.014948s ]
NOTIC: [8] Undefined index:  act D:\czshop\admin\Lib\Action\AdminUserAction.class.php 第 48 行.
SQL: SHOW COLUMNS FROM `cz_admin_user` [ RunTime:0.001714s ]
SQL: SELECT `admin_id`,`admin_name`,`status` FROM `cz_admin_user` WHERE ( admin_id=4 ) LIMIT 1   [ RunTime:0.000420s ]

[ 2013-08-20T00:00:50+08:00 ] 127.0.0.1 /admin.php?m=adminUser&a=update
NOTIC: [2] array_walk_recursive() [<a href='function.array-walk-recursive'>function.array-walk-recursive</a>]: Unable to call filter_vars() - function does not exist D:\czshop\admin\ThinkPHP\Lib\Core\App.class.php 第 56 行.
NOTIC: [2] htmlspecialchars() expects parameter 2 to be long, string given D:\czshop\admin\ThinkPHP\Lib\Core\App.class.php 第 56 行.
INFO: [ app_begin ] --START--
INFO: ReadHtmlCache Behavior ::run [ RunTime:0.000544s ]
INFO: CheckLang Behavior ::run [ RunTime:0.002734s ]
INFO: [ app_begin ] --END-- [ RunTime:0.003542s ]
NOTIC: [8] Undefined index:  act D:\czshop\admin\Lib\Action\AdminUserAction.class.php 第 48 行.
SQL: SHOW COLUMNS FROM `cz_admin_user` [ RunTime:0.002178s ]
SQL: SELECT `admin_id`,`admin_name`,`status` FROM `cz_admin_user` WHERE ( admin_id=6 ) LIMIT 1   [ RunTime:0.000538s ]

